harmonizer/android/app/build/intermediates/manifest_merge_blame_file/debug/processDebugMainManifest/manifest-merger-blame-debug-report.txt
1<?xml version="1.0" encoding="utf-8"?>
2<manifest xmlns:android="http://schemas.android.com/apk/res/android"
3    package="harmonizer.app"
4    android:versionCode="1"
5    android:versionName="0.1" >
6
7    <uses-sdk
8        android:minSdkVersion="23"
9        android:targetSdkVersion="34" />
10
11    <!--
12         required=false: il supporto MIDI si verifica a runtime, cosi' l'app
13         resta installabile anche dove il flag non e' dichiarato.
14    -->
15    <uses-feature
15-->src/main/AndroidManifest.xml:6:5-83
16        android:name="android.software.midi"
16-->src/main/AndroidManifest.xml:6:19-55
17        android:required="false" />
17-->src/main/AndroidManifest.xml:6:56-80
18    <uses-feature
18-->src/main/AndroidManifest.xml:7:5-87
19        android:name="android.hardware.usb.host"
19-->src/main/AndroidManifest.xml:7:19-59
20        android:required="false" />
20-->src/main/AndroidManifest.xml:7:60-84
21
22    <uses-permission android:name="android.permission.FOREGROUND_SERVICE" />
22-->src/main/AndroidManifest.xml:9:5-77
22-->src/main/AndroidManifest.xml:9:22-74
23    <uses-permission android:name="android.permission.FOREGROUND_SERVICE_MEDIA_PLAYBACK" />
23-->src/main/AndroidManifest.xml:10:5-92
23-->src/main/AndroidManifest.xml:10:22-89
24    <uses-permission android:name="android.permission.WAKE_LOCK" />
24-->src/main/AndroidManifest.xml:11:5-68
24-->src/main/AndroidManifest.xml:11:22-65
25    <uses-permission android:name="android.permission.POST_NOTIFICATIONS" />
25-->src/main/AndroidManifest.xml:12:5-77
25-->src/main/AndroidManifest.xml:12:22-74
26    <uses-permission android:name="android.permission.REQUEST_IGNORE_BATTERY_OPTIMIZATIONS" />
26-->src/main/AndroidManifest.xml:13:5-95
26-->src/main/AndroidManifest.xml:13:22-92
27
28    <application
28-->src/main/AndroidManifest.xml:15:5-44:19
29        android:debuggable="true"
30        android:extractNativeLibs="false"
31        android:hardwareAccelerated="true"
31-->src/main/AndroidManifest.xml:20:9-43
32        android:icon="@mipmap/ic_launcher"
32-->src/main/AndroidManifest.xml:17:9-43
33        android:label="@string/app_name"
33-->src/main/AndroidManifest.xml:16:9-41
34        android:roundIcon="@mipmap/ic_launcher"
34-->src/main/AndroidManifest.xml:18:9-48
35        android:theme="@android:style/Theme.Material.NoActionBar" >
35-->src/main/AndroidManifest.xml:19:9-66
36        <activity
36-->src/main/AndroidManifest.xml:22:9-38:20
37            android:name="harmonizer.app.MainActivity"
37-->src/main/AndroidManifest.xml:23:13-55
38            android:configChanges="orientation|screenSize|screenLayout|smallestScreenSize|keyboardHidden|uiMode"
38-->src/main/AndroidManifest.xml:26:13-113
39            android:exported="true"
39-->src/main/AndroidManifest.xml:24:13-36
40            android:keepScreenOn="true"
40-->src/main/AndroidManifest.xml:27:13-40
41            android:screenOrientation="sensorPortrait" >
41-->src/main/AndroidManifest.xml:25:13-55
42            <intent-filter>
42-->src/main/AndroidManifest.xml:28:13-31:29
43                <action android:name="android.intent.action.MAIN" />
43-->src/main/AndroidManifest.xml:29:17-69
43-->src/main/AndroidManifest.xml:29:25-66
44
45                <category android:name="android.intent.category.LAUNCHER" />
45-->src/main/AndroidManifest.xml:30:17-77
45-->src/main/AndroidManifest.xml:30:27-74
46            </intent-filter>
47            <intent-filter>
47-->src/main/AndroidManifest.xml:32:13-34:29
48                <action android:name="android.hardware.usb.action.USB_DEVICE_ATTACHED" />
48-->src/main/AndroidManifest.xml:33:17-90
48-->src/main/AndroidManifest.xml:33:25-87
49            </intent-filter>
50
51            <meta-data
51-->src/main/AndroidManifest.xml:35:13-37:52
52                android:name="android.hardware.usb.action.USB_DEVICE_ATTACHED"
52-->src/main/AndroidManifest.xml:36:17-79
53                android:resource="@xml/usb_midi" />
53-->src/main/AndroidManifest.xml:37:17-49
54        </activity>
55
56        <service
56-->src/main/AndroidManifest.xml:40:9-43:61
57            android:name="harmonizer.app.HarmService"
57-->src/main/AndroidManifest.xml:41:13-54
58            android:exported="false"
58-->src/main/AndroidManifest.xml:42:13-37
59            android:foregroundServiceType="mediaPlayback" />
59-->src/main/AndroidManifest.xml:43:13-58
60    </application>
61
62</manifest>